2022-11-21T10:39:54+00:00 CRITICAL Uncaught Error: Call to undefined function G5CORE() in C:\xampp\htdocs\wordpress\wp-content\themes\homeid\inc\custom-css.php:10
Stack trace:
#0 C:\xampp\htdocs\wordpress\wp-includes\class-wp-hook.php(308): homeid_custom_css('')
#1 C:\xampp\htdocs\wordpress\wp-includes\class-wp-hook.php(332): WP_Hook->apply_filters(NULL, Array)
#2 C:\xampp\htdocs\wordpress\wp-includes\plugin.php(517): WP_Hook->do_action(Array)
#3 C:\xampp\htdocs\wordpress\wp-includes\template-loader.php(13): do_action('template_redire...')
#4 C:\xampp\htdocs\wordpress\wp-blog-header.php(19): require_once('C:\\xampp\\htdocs...')
#5 C:\xampp\htdocs\wordpress\index.php(17): require('C:\\xampp\\htdocs...')
#6 {main}
  thrown in C:\xampp\htdocs\wordpress\wp-content\themes\homeid\inc\custom-css.php on line 10

2022-11-21T10:43:29+00:00 CRITICAL Uncaught Error: Call to undefined function G5CORE() in C:\xampp\htdocs\wordpress\wp-content\themes\homeid\inc\custom-css.php:10
Stack trace:
#0 C:\xampp\htdocs\wordpress\wp-includes\class-wp-hook.php(308): homeid_custom_css('')
#1 C:\xampp\htdocs\wordpress\wp-includes\class-wp-hook.php(332): WP_Hook->apply_filters(NULL, Array)
#2 C:\xampp\htdocs\wordpress\wp-includes\plugin.php(517): WP_Hook->do_action(Array)
#3 C:\xampp\htdocs\wordpress\wp-includes\template-loader.php(13): do_action('template_redire...')
#4 C:\xampp\htdocs\wordpress\wp-blog-header.php(19): require_once('C:\\xampp\\htdocs...')
#5 C:\xampp\htdocs\wordpress\index.php(17): require('C:\\xampp\\htdocs...')
#6 {main}
  thrown in C:\xampp\htdocs\wordpress\wp-content\themes\homeid\inc\custom-css.php on line 10

2022-11-21T10:44:45+00:00 CRITICAL Uncaught Error: Call to undefined function G5CORE() in C:\xampp\htdocs\wordpress\wp-content\themes\homeid\inc\custom-css.php:10
Stack trace:
#0 C:\xampp\htdocs\wordpress\wp-includes\class-wp-hook.php(308): homeid_custom_css('')
#1 C:\xampp\htdocs\wordpress\wp-includes\class-wp-hook.php(332): WP_Hook->apply_filters(NULL, Array)
#2 C:\xampp\htdocs\wordpress\wp-includes\plugin.php(517): WP_Hook->do_action(Array)
#3 C:\xampp\htdocs\wordpress\wp-includes\template-loader.php(13): do_action('template_redire...')
#4 C:\xampp\htdocs\wordpress\wp-blog-header.php(19): require_once('C:\\xampp\\htdocs...')
#5 C:\xampp\htdocs\wordpress\index.php(17): require('C:\\xampp\\htdocs...')
#6 {main}
  thrown in C:\xampp\htdocs\wordpress\wp-content\themes\homeid\inc\custom-css.php on line 10

2022-11-21T10:46:05+00:00 CRITICAL Uncaught Error: Call to undefined function G5CORE() in C:\xampp\htdocs\wordpress\wp-content\themes\homeid\inc\custom-css.php:10
Stack trace:
#0 C:\xampp\htdocs\wordpress\wp-includes\class-wp-hook.php(308): homeid_custom_css('')
#1 C:\xampp\htdocs\wordpress\wp-includes\class-wp-hook.php(332): WP_Hook->apply_filters(NULL, Array)
#2 C:\xampp\htdocs\wordpress\wp-includes\plugin.php(517): WP_Hook->do_action(Array)
#3 C:\xampp\htdocs\wordpress\wp-includes\template-loader.php(13): do_action('template_redire...')
#4 C:\xampp\htdocs\wordpress\wp-blog-header.php(19): require_once('C:\\xampp\\htdocs...')
#5 C:\xampp\htdocs\wordpress\index.php(17): require('C:\\xampp\\htdocs...')
#6 {main}
  thrown in C:\xampp\htdocs\wordpress\wp-content\themes\homeid\inc\custom-css.php on line 10

2022-11-21T10:46:48+00:00 CRITICAL Uncaught Error: Call to undefined function G5CORE() in C:\xampp\htdocs\wordpress\wp-content\themes\homeid\inc\custom-css.php:10
Stack trace:
#0 C:\xampp\htdocs\wordpress\wp-includes\class-wp-hook.php(308): homeid_custom_css('')
#1 C:\xampp\htdocs\wordpress\wp-includes\class-wp-hook.php(332): WP_Hook->apply_filters(NULL, Array)
#2 C:\xampp\htdocs\wordpress\wp-includes\plugin.php(517): WP_Hook->do_action(Array)
#3 C:\xampp\htdocs\wordpress\wp-includes\template-loader.php(13): do_action('template_redire...')
#4 C:\xampp\htdocs\wordpress\wp-blog-header.php(19): require_once('C:\\xampp\\htdocs...')
#5 C:\xampp\htdocs\wordpress\index.php(17): require('C:\\xampp\\htdocs...')
#6 {main}
  thrown in C:\xampp\htdocs\wordpress\wp-content\themes\homeid\inc\custom-css.php on line 10

2022-11-21T10:49:37+00:00 CRITICAL Uncaught Error: Call to undefined function G5CORE() in C:\xampp\htdocs\wordpress\wp-content\themes\homeid\inc\custom-css.php:10
Stack trace:
#0 C:\xampp\htdocs\wordpress\wp-includes\class-wp-hook.php(308): homeid_custom_css('')
#1 C:\xampp\htdocs\wordpress\wp-includes\class-wp-hook.php(332): WP_Hook->apply_filters(NULL, Array)
#2 C:\xampp\htdocs\wordpress\wp-includes\plugin.php(517): WP_Hook->do_action(Array)
#3 C:\xampp\htdocs\wordpress\wp-includes\template-loader.php(13): do_action('template_redire...')
#4 C:\xampp\htdocs\wordpress\wp-blog-header.php(19): require_once('C:\\xampp\\htdocs...')
#5 C:\xampp\htdocs\wordpress\index.php(17): require('C:\\xampp\\htdocs...')
#6 {main}
  thrown in C:\xampp\htdocs\wordpress\wp-content\themes\homeid\inc\custom-css.php on line 10

2022-11-21T10:55:18+00:00 CRITICAL Uncaught Error: Call to undefined function G5CORE() in C:\xampp\htdocs\wordpress\wp-content\themes\homeid\inc\custom-css.php:10
Stack trace:
#0 C:\xampp\htdocs\wordpress\wp-includes\class-wp-hook.php(308): homeid_custom_css('')
#1 C:\xampp\htdocs\wordpress\wp-includes\class-wp-hook.php(332): WP_Hook->apply_filters(NULL, Array)
#2 C:\xampp\htdocs\wordpress\wp-includes\plugin.php(517): WP_Hook->do_action(Array)
#3 C:\xampp\htdocs\wordpress\wp-includes\template-loader.php(13): do_action('template_redire...')
#4 C:\xampp\htdocs\wordpress\wp-blog-header.php(19): require_once('C:\\xampp\\htdocs...')
#5 C:\xampp\htdocs\wordpress\index.php(17): require('C:\\xampp\\htdocs...')
#6 {main}
  thrown in C:\xampp\htdocs\wordpress\wp-content\themes\homeid\inc\custom-css.php on line 10

2022-11-21T10:58:41+00:00 CRITICAL Uncaught Error: Call to undefined function G5CORE() in C:\xampp\htdocs\wordpress\wp-content\themes\homeid\inc\custom-css.php:10
Stack trace:
#0 C:\xampp\htdocs\wordpress\wp-includes\class-wp-hook.php(308): homeid_custom_css('')
#1 C:\xampp\htdocs\wordpress\wp-includes\class-wp-hook.php(332): WP_Hook->apply_filters(NULL, Array)
#2 C:\xampp\htdocs\wordpress\wp-includes\plugin.php(517): WP_Hook->do_action(Array)
#3 C:\xampp\htdocs\wordpress\wp-includes\template-loader.php(13): do_action('template_redire...')
#4 C:\xampp\htdocs\wordpress\wp-blog-header.php(19): require_once('C:\\xampp\\htdocs...')
#5 C:\xampp\htdocs\wordpress\index.php(17): require('C:\\xampp\\htdocs...')
#6 {main}
  thrown in C:\xampp\htdocs\wordpress\wp-content\themes\homeid\inc\custom-css.php on line 10

2022-11-21T10:58:51+00:00 CRITICAL Uncaught Error: Call to undefined function G5CORE() in C:\xampp\htdocs\wordpress\wp-content\themes\homeid\inc\custom-css.php:10
Stack trace:
#0 C:\xampp\htdocs\wordpress\wp-includes\class-wp-hook.php(308): homeid_custom_css('')
#1 C:\xampp\htdocs\wordpress\wp-includes\class-wp-hook.php(332): WP_Hook->apply_filters(NULL, Array)
#2 C:\xampp\htdocs\wordpress\wp-includes\plugin.php(517): WP_Hook->do_action(Array)
#3 C:\xampp\htdocs\wordpress\wp-includes\template-loader.php(13): do_action('template_redire...')
#4 C:\xampp\htdocs\wordpress\wp-blog-header.php(19): require_once('C:\\xampp\\htdocs...')
#5 C:\xampp\htdocs\wordpress\index.php(17): require('C:\\xampp\\htdocs...')
#6 {main}
  thrown in C:\xampp\htdocs\wordpress\wp-content\themes\homeid\inc\custom-css.php on line 10

2022-11-21T11:05:45+00:00 CRITICAL Uncaught Error: Call to undefined function G5CORE() in C:\xampp\htdocs\wordpress\wp-content\themes\homeid\inc\custom-css.php:10
Stack trace:
#0 C:\xampp\htdocs\wordpress\wp-includes\class-wp-hook.php(308): homeid_custom_css('')
#1 C:\xampp\htdocs\wordpress\wp-includes\class-wp-hook.php(332): WP_Hook->apply_filters(NULL, Array)
#2 C:\xampp\htdocs\wordpress\wp-includes\plugin.php(517): WP_Hook->do_action(Array)
#3 C:\xampp\htdocs\wordpress\wp-includes\template-loader.php(13): do_action('template_redire...')
#4 C:\xampp\htdocs\wordpress\wp-blog-header.php(19): require_once('C:\\xampp\\htdocs...')
#5 C:\xampp\htdocs\wordpress\index.php(17): require('C:\\xampp\\htdocs...')
#6 {main}
  thrown in C:\xampp\htdocs\wordpress\wp-content\themes\homeid\inc\custom-css.php on line 10

2022-11-21T11:11:08+00:00 CRITICAL Uncaught Error: Call to undefined function G5CORE() in C:\xampp\htdocs\wordpress\wp-content\themes\homeid\inc\custom-css.php:10
Stack trace:
#0 C:\xampp\htdocs\wordpress\wp-includes\class-wp-hook.php(308): homeid_custom_css('')
#1 C:\xampp\htdocs\wordpress\wp-includes\class-wp-hook.php(332): WP_Hook->apply_filters(NULL, Array)
#2 C:\xampp\htdocs\wordpress\wp-includes\plugin.php(517): WP_Hook->do_action(Array)
#3 C:\xampp\htdocs\wordpress\wp-includes\template-loader.php(13): do_action('template_redire...')
#4 C:\xampp\htdocs\wordpress\wp-blog-header.php(19): require_once('C:\\xampp\\htdocs...')
#5 C:\xampp\htdocs\wordpress\index.php(17): require('C:\\xampp\\htdocs...')
#6 {main}
  thrown in C:\xampp\htdocs\wordpress\wp-content\themes\homeid\inc\custom-css.php on line 10

2022-11-21T11:12:51+00:00 CRITICAL Uncaught Error: Call to undefined function G5CORE() in C:\xampp\htdocs\wordpress\wp-content\themes\homeid\inc\custom-css.php:10
Stack trace:
#0 C:\xampp\htdocs\wordpress\wp-includes\class-wp-hook.php(308): homeid_custom_css('')
#1 C:\xampp\htdocs\wordpress\wp-includes\class-wp-hook.php(332): WP_Hook->apply_filters(NULL, Array)
#2 C:\xampp\htdocs\wordpress\wp-includes\plugin.php(517): WP_Hook->do_action(Array)
#3 C:\xampp\htdocs\wordpress\wp-includes\template-loader.php(13): do_action('template_redire...')
#4 C:\xampp\htdocs\wordpress\wp-blog-header.php(19): require_once('C:\\xampp\\htdocs...')
#5 C:\xampp\htdocs\wordpress\index.php(17): require('C:\\xampp\\htdocs...')
#6 {main}
  thrown in C:\xampp\htdocs\wordpress\wp-content\themes\homeid\inc\custom-css.php on line 10

2022-11-21T11:12:57+00:00 CRITICAL Uncaught Error: Call to undefined function G5CORE() in C:\xampp\htdocs\wordpress\wp-content\themes\homeid\inc\custom-css.php:10
Stack trace:
#0 C:\xampp\htdocs\wordpress\wp-includes\class-wp-hook.php(308): homeid_custom_css('')
#1 C:\xampp\htdocs\wordpress\wp-includes\class-wp-hook.php(332): WP_Hook->apply_filters(NULL, Array)
#2 C:\xampp\htdocs\wordpress\wp-includes\plugin.php(517): WP_Hook->do_action(Array)
#3 C:\xampp\htdocs\wordpress\wp-includes\template-loader.php(13): do_action('template_redire...')
#4 C:\xampp\htdocs\wordpress\wp-blog-header.php(19): require_once('C:\\xampp\\htdocs...')
#5 C:\xampp\htdocs\wordpress\index.php(17): require('C:\\xampp\\htdocs...')
#6 {main}
  thrown in C:\xampp\htdocs\wordpress\wp-content\themes\homeid\inc\custom-css.php on line 10

2022-11-21T11:26:10+00:00 CRITICAL Uncaught Error: Call to undefined function G5CORE() in C:\xampp\htdocs\wordpress\wp-content\themes\homeid\inc\custom-css.php:10
Stack trace:
#0 C:\xampp\htdocs\wordpress\wp-includes\class-wp-hook.php(308): homeid_custom_css('')
#1 C:\xampp\htdocs\wordpress\wp-includes\class-wp-hook.php(332): WP_Hook->apply_filters(NULL, Array)
#2 C:\xampp\htdocs\wordpress\wp-includes\plugin.php(517): WP_Hook->do_action(Array)
#3 C:\xampp\htdocs\wordpress\wp-includes\template-loader.php(13): do_action('template_redire...')
#4 C:\xampp\htdocs\wordpress\wp-blog-header.php(19): require_once('C:\\xampp\\htdocs...')
#5 C:\xampp\htdocs\wordpress\index.php(17): require('C:\\xampp\\htdocs...')
#6 {main}
  thrown in C:\xampp\htdocs\wordpress\wp-content\themes\homeid\inc\custom-css.php on line 10

